epoch,loss,sparse_categorical_accuracy,val_loss,val_sparse_categorical_accuracy
0,1.2209465503692627,0.5138652920722961,1.1298705339431763,0.557561457157135
1,1.156714677810669,0.5415958166122437,1.064123511314392,0.5876504182815552
2,1.0987740755081177,0.5695879459381104,1.006941556930542,0.6245421171188354
3,1.0562142133712769,0.593982994556427,0.9854755401611328,0.6300366520881653
4,1.0186775922775269,0.6098757386207581,0.9314141869544983,0.6637886166572571
5,0.9953789710998535,0.6209287047386169,0.8934028744697571,0.6789638996124268
6,0.9625130295753479,0.6365598440170288,0.867602527141571,0.6841967701911926
7,0.9310676455497742,0.645846962928772,0.8485051989555359,0.6941391825675964
8,0.9132160544395447,0.6563113331794739,0.8261510133743286,0.7043432593345642
9,0.8816974759101868,0.6704381704330444,0.7942014336585999,0.7179487347602844
10,0.8645806312561035,0.6801831126213074,0.7732688784599304,0.726582944393158
11,0.8502517938613892,0.687246561050415,0.7538153529167175,0.732077419757843
12,0.8224591612815857,0.696860671043396,0.7495752573013306,0.7339089512825012
13,0.8031873106956482,0.7064093947410583,0.7235460877418518,0.7459445595741272
14,0.7945319414138794,0.7088947296142578,0.7050485014915466,0.7490842342376709
15,0.7726264595985413,0.718051016330719,0.6952514052391052,0.7537938356399536
16,0.7525344491004944,0.7299542427062988,0.6827280521392822,0.7585033774375916
17,0.7380126714706421,0.7337475419044495,0.6554558277130127,0.7708006501197815
18,0.7263652682304382,0.734532356262207,0.6573898792266846,0.767399251461029
19,0.7150667905807495,0.7385873198509216,0.6307460069656372,0.7760334610939026
20,0.7055914998054504,0.7457815408706665,0.6409585475921631,0.767399251461029
21,0.695282518863678,0.7508829236030579,0.6042591333389282,0.7859759330749512
22,0.6734896302223206,0.7580117583274841,0.6018568873405457,0.7872841358184814
23,0.6628506779670715,0.7642250061035156,0.597170889377594,0.7896389365196228
24,0.6604278683662415,0.7599084377288818,0.57280033826828,0.7985348105430603
25,0.6451399922370911,0.7723348736763,0.577191174030304,0.8021978139877319
26,0.6274736523628235,0.7769129872322083,0.5749491453170776,0.7998430132865906
27,0.6181926131248474,0.7824068069458008,0.549976646900177,0.8050758838653564
28,0.6112661361694336,0.7831916213035583,0.5727630853652954,0.7925170063972473
29,0.609635055065155,0.7854806780815125,0.5426446199417114,0.8045526146888733
30,0.5980972647666931,0.7891432046890259,0.5561373829841614,0.8050758838653564
31,0.5811958312988281,0.797972559928894,0.5437071323394775,0.8074306845664978
32,0.5728492140769958,0.7986919283866882,0.5214690566062927,0.8160648941993713
33,0.576656699180603,0.7949640154838562,0.5140066742897034,0.8152799606323242
34,0.5587148070335388,0.8034009337425232,0.5033794045448303,0.825484037399292
35,0.554556667804718,0.8015042543411255,0.5100071430206299,0.8144950270652771
36,0.5464834570884705,0.8075212836265564,0.503777801990509,0.8212977647781372
37,0.5434298515319824,0.8051013946533203,0.5005146861076355,0.825484037399292
38,0.5288069248199463,0.81589275598526,0.48064208030700684,0.8362113833427429
39,0.5251496434211731,0.8148462772369385,0.47115471959114075,0.8338566422462463
40,0.5224660038948059,0.8162197470664978,0.4754878580570221,0.8335949778556824
41,0.5092229247093201,0.8222367763519287,0.4670499265193939,0.8309785723686218
42,0.5086045265197754,0.8206017017364502,0.45775124430656433,0.8385661840438843
43,0.5065901279449463,0.8181818127632141,0.45945271849632263,0.8338566422462463
44,0.4884325861930847,0.8310660719871521,0.4605233073234558,0.8396127820014954
45,0.485588401556015,0.828515350818634,0.43513140082359314,0.8458921909332275
46,0.47835099697113037,0.8348593711853027,0.45912832021713257,0.8330717086791992
47,0.4798871576786041,0.8317855000495911,0.46161606907844543,0.8349031805992126
48,0.47132065892219543,0.8347285985946655,0.44367170333862305,0.843014121055603
49,0.46317294239997864,0.8368868827819824,0.43469077348709106,0.8506017923355103
50,0.46895530819892883,0.8400261402130127,0.42451128363609314,0.8477237224578857
51,0.4520554840564728,0.842707633972168,0.4079790413379669,0.8568812012672424
52,0.4520510733127594,0.8431000709533691,0.4218173623085022,0.8500784635543823
53,0.45770660042762756,0.8391105532646179,0.4290972650051117,0.8521716594696045
54,0.4453895688056946,0.8444080948829651,0.41205689311027527,0.855049729347229
55,0.43365609645843506,0.8500981330871582,0.4108443856239319,0.8500784635543823
56,0.44186562299728394,0.845127522945404,0.40035480260849,0.8587127327919006
57,0.4318806529045105,0.849705696105957,0.4237521290779114,0.8495551943778992
58,0.434071809053421,0.8479398488998413,0.3975283205509186,0.8584510684013367
59,0.4278821349143982,0.8493787050247192,0.4072000980377197,0.8574045300483704
60,0.4128812253475189,0.8560497164726257,0.38906747102737427,0.865515410900116
61,0.41725507378578186,0.8570961356163025,0.43020084500312805,0.8443223237991333
62,0.4128659963607788,0.8552649021148682,0.3895508944988251,0.8628990054130554
63,0.41709157824516296,0.8561804890632629,0.3908149302005768,0.8592360019683838
64,0.40439221262931824,0.8623937368392944,0.38588768243789673,0.8634222745895386
65,0.40503931045532227,0.8576847314834595,0.3808968961238861,0.8631606698036194
66,0.40614253282546997,0.8574885725975037,0.3880865275859833,0.8683935403823853
67,0.3999929130077362,0.8609548807144165,0.3750472068786621,0.8720565438270569
68,0.3949076235294342,0.8644211888313293,0.3817572593688965,0.8660387396812439
69,0.38449639081954956,0.8696533441543579,0.37521982192993164,0.8728414177894592
70,0.3874864876270294,0.8658600449562073,0.37169599533081055,0.8691784143447876
71,0.38118213415145874,0.8715500235557556,0.37450486421585083,0.8657770752906799
72,0.37887001037597656,0.8675605058670044,0.3769763112068176,0.8689168095588684
73,0.38248133659362793,0.8666448593139648,0.3540036380290985,0.8757195472717285
74,0.3807566463947296,0.8703073859214783,0.3576090931892395,0.8728414177894592
75,0.37647372484207153,0.8716808557510376,0.3735432028770447,0.8670852780342102
76,0.3700052499771118,0.8706343770027161,0.3683117926120758,0.8689168095588684
77,0.36524057388305664,0.8722694516181946,0.36861857771873474,0.8704866766929626
78,0.3690164387226105,0.8725310564041138,0.36432114243507385,0.8746729493141174
79,0.3641490638256073,0.8770438432693481,0.36949437856674194,0.87257981300354
80,0.35539156198501587,0.8762589693069458,0.3572269380092621,0.8738880157470703
81,0.35588905215263367,0.8783518671989441,0.34149834513664246,0.8788592219352722
82,0.3590993285179138,0.8741661310195923,0.33898434042930603,0.8817372918128967
83,0.35915088653564453,0.8746239542961121,0.35268673300743103,0.8809523582458496
84,0.34431618452072144,0.8790059089660645,0.3581238389015198,0.8770277500152588
85,0.35092970728874207,0.8776978254318237,0.3584389090538025,0.8757195472717285
86,0.35143303871154785,0.8789404630661011,0.37956735491752625,0.8626373410224915
87,0.35011422634124756,0.8774362206459045,0.3400380313396454,0.8840920925140381
88,0.3373855650424957,0.8856115341186523,0.36427804827690125,0.8710099458694458
89,0.3436674177646637,0.8775016069412231,0.3440558612346649,0.8812140226364136
90,0.3368098735809326,0.8845650553703308,0.3462999761104584,0.8799058198928833
91,0.33965232968330383,0.8813603520393372,0.33766210079193115,0.8825222253799438
92,0.3373418152332306,0.8810333609580994,0.32983872294425964,0.8877550959587097
93,0.3272152245044708,0.8870503306388855,0.33526960015296936,0.8851386904716492
94,0.33810949325561523,0.8828645944595337,0.331765353679657,0.8877550959587097
95,0.33486688137054443,0.8801177144050598,0.3332658112049103,0.8859236240386963
96,0.3339286744594574,0.8838456273078918,0.33947670459747314,0.8825222253799438
97,0.3181842565536499,0.8905166983604431,0.3422922194004059,0.8770277500152588
98,0.31623247265815735,0.8917593359947205,0.32398393750190735,0.8908948302268982
99,0.32432958483695984,0.8858076930046082,0.31923240423202515,0.8901098966598511
100,0.3227820098400116,0.8868541717529297,0.32570984959602356,0.8856619596481323
101,0.31725507974624634,0.8909745216369629,0.3283722698688507,0.8880167603492737
102,0.3109920620918274,0.8936559557914734,0.3190169036388397,0.8911564350128174
103,0.31919580698013306,0.888816237449646,0.34724587202072144,0.8765044212341309
104,0.3151915371417999,0.8914977312088013,0.3276419937610626,0.8859236240386963
105,0.3013336658477783,0.8979725241661072,0.32145702838897705,0.8872318267822266
106,0.3184589445590973,0.893852174282074,0.3301659822463989,0.8908948302268982
107,0.31110015511512756,0.8920209407806396,0.33783209323883057,0.8827838897705078
108,0.30507421493530273,0.8948986530303955,0.31673580408096313,0.8919413685798645
109,0.31261518597602844,0.8901242613792419,0.31608274579048157,0.8880167603492737
110,0.306608110666275,0.8966645002365112,0.3205496668815613,0.8898482322692871
111,0.30230823159217834,0.8954872488975525,0.3532455861568451,0.8799058198928833
112,0.3058456778526306,0.8905820846557617,0.31863266229629517,0.8882783651351929
113,0.30124372243881226,0.8949640393257141,0.32419779896736145,0.88906329870224
114,0.29627203941345215,0.8953564167022705,0.3280707001686096,0.8880167603492737
115,0.2950740456581116,0.89784175157547,0.3164393901824951,0.8922030329704285
116,0.29011234641075134,0.9009810090065002,0.3387002646923065,0.8848770260810852
117,0.2949821650981903,0.8965336680412292,0.302517294883728,0.8987441062927246
118,0.28658831119537354,0.9017658829689026,0.31927552819252014,0.8929879665374756
119,0.28905749320983887,0.8998692035675049,0.33879223465919495,0.8778126835823059
120,0.2891443371772766,0.9009156227111816,0.31157559156417847,0.8914180994033813
121,0.29574623703956604,0.8952256441116333,0.30297422409057617,0.8974359035491943
122,0.28765639662742615,0.8989535570144653,0.3019747734069824,0.8916797637939453
123,0.2850308120250702,0.9010464549064636,0.29622310400009155,0.9000523090362549
124,0.285124808549881,0.9013080596923828,0.30685269832611084,0.8958660364151001
125,0.27989259362220764,0.9030085206031799,0.32310763001441956,0.8869701623916626
126,0.27845463156700134,0.9034663438796997,0.29350027441978455,0.8966509699821472
127,0.2831965684890747,0.9012426137924194,0.31036117672920227,0.8916797637939453
128,0.27408966422080994,0.909156322479248,0.3283074200153351,0.8880167603492737
129,0.26936963200569153,0.9087638854980469,0.3288125991821289,0.883307158946991
130,0.27612125873565674,0.906147837638855,0.2929742932319641,0.9003139734268188
131,0.28535979986190796,0.9009810090065002,0.2920452356338501,0.8990057706832886
132,0.2832421064376831,0.9015042781829834,0.3112458884716034,0.8937729001045227
133,0.27672719955444336,0.9035317301750183,0.30898404121398926,0.8976975679397583
134,0.2836776375770569,0.90143883228302,0.3111572861671448,0.8935112357139587
135,0.2767491936683655,0.9007848501205444,0.28735318779945374,0.9029303789138794
136,0.2745607793331146,0.9064748287200928,0.29667240381240845,0.8935112357139587
137,0.270070344209671,0.9063439965248108,0.2910516560077667,0.8969126343727112
138,0.2634722888469696,0.9100719690322876,0.2893199324607849,0.900837242603302
139,0.2745901942253113,0.9052321910858154,0.2844364643096924,0.9026687741279602
140,0.26878899335861206,0.9085676670074463,0.30040475726127625,0.8940345644950867
141,0.27108627557754517,0.9071942567825317,0.29569247364997864,0.8966509699821472
142,0.2667902410030365,0.9081752896308899,0.3129471242427826,0.8922030329704285
143,0.262620210647583,0.910595178604126,0.29311496019363403,0.9003139734268188
144,0.26893100142478943,0.9076520800590515,0.2902110815048218,0.8997907042503357
145,0.2666376531124115,0.9079790711402893,0.2794201672077179,0.9073783159255981
146,0.26333585381507874,0.909875750541687,0.32334184646606445,0.8877550959587097
147,0.25452762842178345,0.9130804538726807,0.3163203001022339,0.8911564350128174
148,0.26179200410842896,0.9098103046417236,0.29391205310821533,0.901098906993866
149,0.2588919997215271,0.9120340347290039,0.29178205132484436,0.900837242603302
150,0.26162928342819214,0.9134074449539185,0.28140726685523987,0.9021454453468323
151,0.25440874695777893,0.9157619476318359,0.2812715470790863,0.9047619104385376
152,0.2546114921569824,0.9114453792572021,0.34234967827796936,0.884353756904602
153,0.26305291056632996,0.9089601039886475,0.29148784279823303,0.9026687741279602
154,0.25876107811927795,0.9086984992027283,0.2923247814178467,0.8963893055915833
155,0.25112640857696533,0.9134728312492371,0.27068769931793213,0.9107797145843506
156,0.2553166151046753,0.9107259511947632,0.2828429043292999,0.9039769768714905
157,0.25461333990097046,0.9128842353820801,0.284864604473114,0.9024071097373962
158,0.24719445407390594,0.9141268730163574,0.28835439682006836,0.9000523090362549
159,0.24730733036994934,0.913734495639801,0.29628023505210876,0.8942961692810059
160,0.24068976938724518,0.9173969626426697,0.28126242756843567,0.9024071097373962
161,0.240365669131279,0.920078456401825,0.2793324589729309,0.9052851796150208
162,0.24514886736869812,0.9124264121055603,0.2830909192562103,0.9034537076950073
163,0.24983324110507965,0.9149771332740784,0.2854188084602356,0.9021454453468323
164,0.24762383103370667,0.9138652682304382,0.27752938866615295,0.9058084487915039
165,0.2462555319070816,0.914323091506958,0.296527236700058,0.8971742391586304
166,0.24861998856067657,0.9136690497398376,0.27583184838294983,0.9092098474502563
167,0.2415669560432434,0.9168083667755127,0.2972804307937622,0.8982208371162415
168,0.2478201538324356,0.9144538640975952,0.29408302903175354,0.8961277008056641
169,0.2929200232028961,0.8984957337379456,0.2963772416114807,0.8982208371162415
170,0.27930742502212524,0.9026814699172974,0.30310800671577454,0.8919413685798645
171,0.2683396637439728,0.9073904752731323,0.28915831446647644,0.9016221761703491
172,0.261944442987442,0.9080444574356079,0.2947549819946289,0.894819438457489
173,0.2500719726085663,0.9116415977478027,0.2796282470226288,0.9055468440055847
174,0.25317665934562683,0.9143884778022766,0.2708093523979187,0.9081632494926453
175,0.24615448713302612,0.9148463010787964,0.2763214409351349,0.9031920433044434
176,0.2374853938817978,0.9195552468299866,0.2659938335418701,0.9094714522361755
177,0.23380902409553528,0.9208633303642273,0.27301326394081116,0.9094714522361755
178,0.23205670714378357,0.9209941029548645,0.2771763503551483,0.9034537076950073
179,0.2263394296169281,0.9231523871421814,0.26768019795417786,0.9084249138832092
180,0.23319365084171295,0.9172008037567139,0.26654696464538574,0.9102563858032227
181,0.22609052062034607,0.9220405220985413,0.2639819383621216,0.9086865782737732
182,0.22532185912132263,0.9241988062858582,0.26096343994140625,0.9123495817184448
183,0.21958458423614502,0.9234139919281006,0.28017836809158325,0.8990057706832886
184,0.21288006007671356,0.927207350730896,0.2902154326438904,0.8992673754692078
185,0.2163907140493393,0.9252452850341797,0.2849169373512268,0.9042386412620544
186,0.2173009067773819,0.9249836206436157,0.262932687997818,0.9120879173278809
187,0.2158600240945816,0.9267495274543762,0.2524280250072479,0.9149659872055054
188,0.21073666214942932,0.9285153746604919,0.26013681292533875,0.9102563858032227
189,0.2151789665222168,0.9275997281074524,0.2515322268009186,0.912611186504364
190,0.2024703174829483,0.9318509101867676,0.2577790915966034,0.9118262529373169
191,0.20757527649402618,0.9275997281074524,0.2575245797634125,0.9089481830596924
192,0.21221384406089783,0.9266840815544128,0.2580048441886902,0.9115646481513977
193,0.20219029486179352,0.9349901676177979,0.2554366886615753,0.912611186504364
194,0.19827383756637573,0.9310006499290466,0.25370410084724426,0.9131344556808472
195,0.20550303161144257,0.9320470690727234,0.26374807953834534,0.9110413193702698
196,0.20768113434314728,0.9307390451431274,0.2531226873397827,0.9147043228149414
197,0.20208798348903656,0.9311314821243286,0.2506604492664337,0.9162741899490356
198,0.1874375194311142,0.9364290237426758,0.2420681267976761,0.9212453961372375
199,0.19215241074562073,0.9345323443412781,0.25599077343940735,0.9144427180290222
200,0.1867639124393463,0.9361674189567566,0.2578319311141968,0.9147043228149414
201,0.1824004203081131,0.9393067359924316,0.24764299392700195,0.918890655040741
202,0.18774102628231049,0.9357750415802002,0.2521789073944092,0.918628990650177
203,0.18733984231948853,0.9362982511520386,0.23835277557373047,0.9217687249183655
204,0.18027174472808838,0.9401569366455078,0.28701886534690857,0.9016221761703491
205,0.18789544701576233,0.936690628528595,0.26139596104621887,0.9149659872055054
206,0.1730269342660904,0.9417266249656677,0.24029047787189484,0.9204604625701904
207,0.17584417760372162,0.9431654810905457,0.25295737385749817,0.918890655040741
208,0.17170420289039612,0.9409418106079102,0.2497304230928421,0.918367326259613
209,0.174300879240036,0.9402877688407898,0.25464388728141785,0.9081632494926453
210,0.17985722422599792,0.9381948709487915,0.24299578368663788,0.918367326259613
211,0.17696335911750793,0.9394375681877136,0.24557478725910187,0.9167974591255188
212,0.17564310133457184,0.9416612386703491,0.255858451128006,0.9162741899490356
213,0.17820055782794952,0.9403531551361084,0.25206246972084045,0.9165358543395996
214,0.17136572301387787,0.9437540769577026,0.24211950600147247,0.9170591235160828
215,0.17784202098846436,0.9393067359924316,0.22856080532073975,0.9251700639724731
216,0.17240431904792786,0.9422498345375061,0.24639126658439636,0.9152276515960693
217,0.17021781206130981,0.9431654810905457,0.2374451607465744,0.9194139242172241
218,0.1617332100868225,0.9472203850746155,0.24030037224292755,0.9199371933937073
219,0.16186346113681793,0.944408118724823,0.24653540551662445,0.9181057214736938
220,0.16187487542629242,0.9450621604919434,0.2281869649887085,0.9212453961372375
221,0.16399571299552917,0.9453237652778625,0.23664483428001404,0.9230769276618958
222,0.1616203933954239,0.9482014179229736,0.23956653475761414,0.918890655040741
223,0.16355286538600922,0.944277286529541,0.2293793261051178,0.9217687249183655
224,0.1574135273694992,0.9489208459854126,0.2210712730884552,0.9236001968383789
225,0.1581544727087021,0.9499018788337708,0.23661407828330994,0.9209837913513184
226,0.15599828958511353,0.9486592411994934,0.21781614422798157,0.9254317283630371
227,0.1652098000049591,0.944277286529541,0.23053206503391266,0.9241234660148621
228,0.1537584811449051,0.949574887752533,0.22094036638736725,0.9270015954971313
229,0.15709246695041656,0.9474166035652161,0.2242818921804428,0.9254317283630371
230,0.1536523997783661,0.9465664029121399,0.2190045267343521,0.9288330674171448
231,0.15367846190929413,0.9476128220558167,0.21819713711738586,0.9238618612289429
232,0.15269339084625244,0.9491170644760132,0.22953195869922638,0.9196755886077881
233,0.15300734341144562,0.9478744268417358,0.21460053324699402,0.9272632002830505
234,0.1583925485610962,0.9442119002342224,0.21731822192668915,0.930664598941803
235,0.14527757465839386,0.9528449773788452,0.21843762695789337,0.9277864694595337
236,0.1517416387796402,0.949444055557251,0.22324757277965546,0.9290947318077087
237,0.1538795381784439,0.9474166035652161,0.2160162776708603,0.9254317283630371
238,0.15307022631168365,0.9504905343055725,0.21497654914855957,0.9288330674171448
239,0.1489163339138031,0.9495095014572144,0.21535208821296692,0.9236001968383789
240,0.14713971316814423,0.9504250884056091,0.22252586483955383,0.9254317283630371
241,0.14495962858200073,0.9510791301727295,0.22672200202941895,0.9251700639724731
242,0.1506115198135376,0.9514061212539673,0.22966384887695312,0.9267399311065674
243,0.14296753704547882,0.9514715671539307,0.2230484038591385,0.9251700639724731
244,0.1375003159046173,0.9549378752708435,0.2211313396692276,0.9241234660148621
245,0.13817253708839417,0.9555264711380005,0.21904002130031586,0.9262166619300842
246,0.13739316165447235,0.9549378752708435,0.21399153769016266,0.9288330674171448
247,0.14472781121730804,0.9517331719398499,0.21941988170146942,0.9283097982406616
248,0.14728666841983795,0.9501634836196899,0.23805516958236694,0.918628990650177
249,0.13918811082839966,0.9526488184928894,0.21966998279094696,0.9251700639724731
250,0.13615445792675018,0.9542838335037231,0.21968171000480652,0.9314495325088501
251,0.14066341519355774,0.9544800519943237,0.22385361790657043,0.9288330674171448
252,0.1385829597711563,0.9547416567802429,0.210495725274086,0.930402934551239
253,0.13599245250225067,0.9529758095741272,0.22685794532299042,0.9222919940948486
254,0.13714662194252014,0.9554610848426819,0.23033028841018677,0.92464679479599
255,0.138837069272995,0.9551340937614441,0.21658924221992493,0.9277864694595337
256,0.12975500524044037,0.9567037224769592,0.21131446957588196,0.9309262037277222
257,0.13321778178215027,0.9549378752708435,0.21806035935878754,0.9249083995819092
258,0.139815092086792,0.9529104232788086,0.2119613140821457,0.9298796653747559
259,0.13398008048534393,0.9550032615661621,0.2260659784078598,0.9228152632713318
260,0.13445940613746643,0.9553956985473633,0.208138108253479,0.930141270160675
261,0.13324801623821259,0.957880973815918,0.21348996460437775,0.9351125359535217
262,0.13423585891723633,0.9535644054412842,0.2038823813199997,0.9369440078735352
263,0.13353963196277618,0.9542838335037231,0.22511860728263855,0.9288330674171448
264,0.12464626878499985,0.9597776532173157,0.24235710501670837,0.9238618612289429
265,0.13337378203868866,0.9554610848426819,0.19981935620307922,0.9335426688194275
266,0.1299881488084793,0.9586657881736755,0.21089673042297363,0.9293563365936279
267,0.1283012479543686,0.9553956985473633,0.20265771448612213,0.9332810044288635
268,0.12540341913700104,0.9580117464065552,0.2078903168439865,0.9288330674171448
269,0.131757453083992,0.9558535218238831,0.2180740237236023,0.9311878681182861
270,0.13172098994255066,0.9547416567802429,0.22325919568538666,0.9249083995819092
271,0.12821929156780243,0.9557226896286011,0.21977362036705017,0.9277864694595337
272,0.12346471101045609,0.9600392580032349,0.20854267477989197,0.930141270160675
273,0.12595699727535248,0.9580771923065186,0.22333744168281555,0.9264782667160034
274,0.12502391636371613,0.9576193690299988,0.22249247133731842,0.9277864694595337
275,0.12581728398799896,0.9565075039863586,0.21003416180610657,0.9285714030265808
276,0.11707677692174911,0.9620013236999512,0.20814837515354156,0.9270015954971313
277,0.12892194092273712,0.9550032615661621,0.20685990154743195,0.9309262037277222
278,0.12721356749534607,0.9573577642440796,0.2075563669204712,0.9338042736053467
279,0.13130076229572296,0.956572949886322,0.206062451004982,0.9319728016853333
280,0.12934079766273499,0.9572923183441162,0.22602300345897675,0.9212453961372375
281,0.12887360155582428,0.9582734107971191,0.2161249816417694,0.9314495325088501
282,0.1240517795085907,0.9612818956375122,0.2184499353170395,0.930664598941803
283,0.12710215151309967,0.958469569683075,0.23593828082084656,0.924385130405426
284,0.12753494083881378,0.9567037224769592,0.21941865980625153,0.9270015954971313
285,0.12439241260290146,0.9576193690299988,0.2151273787021637,0.9311878681182861
286,0.1283324807882309,0.9586657881736755,0.2165617048740387,0.924385130405426
287,0.12299830466508865,0.9573577642440796,0.20935826003551483,0.930402934551239
288,0.12032292038202286,0.9604316353797913,0.21697083115577698,0.9314495325088501
289,0.12368754297494888,0.957750141620636,0.2149900645017624,0.9314495325088501
290,0.12659333646297455,0.9576847553253174,0.20600976049900055,0.9332810044288635
291,0.12542171776294708,0.9596468210220337,0.21176345646381378,0.930664598941803
292,0.12384039908647537,0.9584041833877563,0.2142438292503357,0.9324960708618164
293,0.11815617233514786,0.961020290851593,0.22758710384368896,0.9272632002830505
294,0.12612828612327576,0.9579463601112366,0.20718781650066376,0.9345892071723938
295,0.12462256848812103,0.9589927792549133,0.20471812784671783,0.9327577352523804
296,0.11758201569318771,0.9604316353797913,0.2008301317691803,0.9379906058311462
297,0.12513984739780426,0.9583387970924377,0.19203582406044006,0.936159074306488
298,0.11789508163928986,0.9606932401657104,0.20736338198184967,0.9338042736053467
299,0.12106237560510635,0.9595160484313965,0.1953873336315155,0.9353741407394409
300,0.11554452776908875,0.962459146976471,0.19555774331092834,0.9356358051300049
301,0.11819774657487869,0.9612165093421936,0.19716708362102509,0.9395604133605957
302,0.11810276657342911,0.9614781141281128,0.21093709766864777,0.9311878681182861
303,0.1164628118276596,0.9615435004234314,0.20001308619976044,0.9348508715629578
304,0.11676900088787079,0.9627207517623901,0.2016650289297104,0.9319728016853333
305,0.11490419507026672,0.9621320962905884,0.2013387680053711,0.9348508715629578
306,0.11415448039770126,0.9606932401657104,0.20037071406841278,0.9322344064712524
307,0.10872036963701248,0.9644865989685059,0.21927094459533691,0.9285714030265808
308,0.11340130120515823,0.9621320962905884,0.19570292532444,0.9377289414405823
309,0.11013385653495789,0.9642903804779053,0.20587989687919617,0.9343276023864746
310,0.11382666975259781,0.961020290851593,0.20386694371700287,0.9309262037277222
311,0.11506233364343643,0.9631131291389465,0.2042241245508194,0.930402934551239
312,0.11187040060758591,0.9639633893966675,0.20724517107009888,0.9343276023864746
313,0.11333109438419342,0.9625245332717896,0.21045327186584473,0.9330193400382996
314,0.11149651557207108,0.9637017846107483,0.19911102950572968,0.936420738697052
315,0.10973621904850006,0.9635055661201477,0.20958559215068817,0.9338042736053467
316,0.10934808850288391,0.9631131291389465,0.2067965269088745,0.9319728016853333
317,0.10768774896860123,0.9641596078872681,0.19423329830169678,0.9374672770500183
318,0.10897599905729294,0.9642903804779053,0.19665712118148804,0.936159074306488
319,0.10914349555969238,0.9640287756919861,0.19842469692230225,0.9319728016853333
320,0.10910331457853317,0.9637017846107483,0.19113141298294067,0.9374672770500183
321,0.10897873342037201,0.962459146976471,0.20094431936740875,0.9332810044288635
322,0.10613955557346344,0.9643557667732239,0.2129782885313034,0.930141270160675
323,0.11398167163133621,0.9605624675750732,0.20147296786308289,0.9327577352523804
324,0.10775575786828995,0.9641596078872681,0.1916959583759308,0.9366823434829712
325,0.11126583814620972,0.9626553058624268,0.19864782691001892,0.936420738697052
326,0.1093902736902237,0.9637671709060669,0.19690585136413574,0.9369440078735352
327,0.10766896605491638,0.9644865989685059,0.19054438173770905,0.9377289414405823
328,0.10557867586612701,0.9638325572013855,0.2009458690881729,0.9319728016853333
329,0.10278064012527466,0.9678221344947815,0.20021437108516693,0.9356358051300049
330,0.10736507177352905,0.964748203754425,0.2015313059091568,0.930664598941803
331,0.10368051379919052,0.965336799621582,0.19522933661937714,0.9353741407394409
332,0.10123393684625626,0.9646173715591431,0.20223170518875122,0.9324960708618164
333,0.10397415608167648,0.9667102694511414,0.21036911010742188,0.9356358051300049
334,0.10239582508802414,0.9648135900497437,0.1933867484331131,0.9358974099159241
335,0.10756994783878326,0.9648135900497437,0.1985851377248764,0.9366823434829712
336,0.10312497615814209,0.964748203754425,0.19895535707473755,0.9372056722640991
337,0.10240356624126434,0.9659908413887024,0.19543558359146118,0.9338042736053467
338,0.10418657958507538,0.9646828174591064,0.19161991775035858,0.9351125359535217
339,0.10387519001960754,0.96677565574646,0.1944582462310791,0.9348508715629578
340,0.10224352777004242,0.9651406407356262,0.20769113302230835,0.9330193400382996
